{
  "RSpec": {
    "coverage": {
      "/Users/almorcrette/coding/projects/bowling-challenge-ruby/spec/frame_spec.rb": {
        "lines": [
          1,
          null,
          1,
          null,
          11,
          null,
          1,
          null,
          1,
          1,
          1,
          null,
          null,
          null,
          1,
          null,
          1,
          3,
          null,
          null,
          1,
          3,
          null,
          null,
          1,
          1,
          1,
          null,
          null,
          1,
          1,
          null,
          null,
          1,
          null,
          1,
          1,
          null,
          null,
          1,
          1,
          null,
          null,
          1,
          1,
          1,
          2,
          null,
          null,
          null,
          null,
          null,
          null,
          1,
          1,
          1,
          1,
          null,
          null,
          1,
          1,
          1,
          1,
          null,
          null,
          1,
          1,
          1,
          1,
          null,
          null,
          1,
          1,
          1,
          null,
          null,
          1,
          1,
          1,
          1,
          null,
          null,
          null,
          1,
          null,
          1,
          1,
          1,
          1,
          1,
          null,
          null,
          null,
          1,
          1,
          1,
          1,
          null,
          null,
          null,
          null,
          null
        ]
      },
      "/Users/almorcrette/coding/projects/bowling-challenge-ruby/lib/frame.rb": {
        "lines": [
          1,
          null,
          1,
          0,
          0,
          0,
          0,
          null,
          null,
          1,
          null,
          1,
          11,
          11,
          null,
          null,
          1,
          0,
          0,
          0,
          null,
          null,
          null,
          1,
          4,
          4,
          4,
          3,
          3,
          null,
          null,
          1,
          11,
          11,
          2,
          9,
          4,
          1,
          null,
          3,
          null,
          null,
          null,
          null,
          1,
          2,
          null,
          null,
          null
        ]
      },
      "/Users/almorcrette/coding/projects/bowling-challenge-ruby/spec/game_spec.rb": {
        "lines": [
          1,
          1,
          null,
          1,
          null,
          6,
          null,
          1,
          2,
          null,
          null,
          null,
          null,
          null,
          null,
          null,
          null,
          null,
          1,
          6,
          null,
          null,
          null,
          null,
          null,
          null,
          null,
          null,
          null,
          1,
          1,
          null,
          null,
          null,
          null,
          null,
          null,
          null,
          null,
          1,
          4,
          null,
          null,
          null,
          null,
          null,
          null,
          null,
          null,
          null,
          1,
          0,
          null,
          null,
          null,
          null,
          null,
          null,
          null,
          null,
          1,
          2,
          null,
          null,
          null,
          null,
          null,
          null,
          null,
          null,
          1,
          1,
          null,
          null,
          null,
          null,
          null,
          null,
          null,
          null,
          5,
          null,
          10,
          null,
          1,
          null,
          1,
          1,
          1,
          1,
          1,
          null,
          null,
          null,
          null,
          1,
          1,
          1,
          1,
          null,
          null,
          null,
          1,
          1,
          1,
          1,
          null,
          null,
          null,
          null,
          1,
          1,
          1,
          1,
          1,
          1,
          null,
          null,
          null,
          1,
          1,
          1,
          1,
          1,
          1,
          10,
          null,
          null,
          null,
          null,
          null,
          1,
          1,
          1,
          1,
          null,
          null,
          1,
          1,
          1,
          1,
          null,
          null,
          1,
          1,
          1,
          1,
          1,
          null,
          null,
          null,
          null,
          null,
          1,
          1,
          1,
          1,
          1,
          null,
          null,
          null,
          null,
          null,
          null,
          null
        ]
      },
      "/Users/almorcrette/coding/projects/bowling-challenge-ruby/lib/game.rb": {
        "lines": [
          1,
          1,
          null,
          1,
          null,
          1,
          0,
          0,
          0,
          null,
          0,
          null,
          null,
          1,
          null,
          1,
          9,
          null,
          null,
          1,
          13,
          13,
          13,
          12,
          12,
          null,
          13,
          null,
          null,
          1,
          1,
          1,
          1,
          null,
          null,
          1,
          34,
          27,
          24,
          24,
          23,
          null,
          1,
          null,
          24,
          1,
          null,
          24,
          null,
          null,
          10,
          10,
          1,
          null,
          10,
          null,
          null,
          null,
          null,
          null
        ]
      }
    },
    "timestamp": 1651266103
  }
}
